# JRE version: Java(TM) SE Runtime Environment (8.0_261-b12) (build 1.8.0_261-b12)
# Java VM: Java HotSpot(TM) 64-Bit Server VM (25.261-b12 mixed mode windows-amd64 compressed oops)
Heap:
 PSYoungGen      total 153088K, used 78127K [0x0000000715980000, 0x0000000728480000, 0x00000007c0000000)
  eden space 131584K, 59% used [0x0000000715980000,0x000000071a5cbd10,0x000000071da00000)
  from space 21504K, 0% used [0x000000071ef00000,0x000000071ef00000,0x0000000720400000)
  to   space 21504K, 0% used [0x000000071da00000,0x000000071da00000,0x000000071ef00000)
 ParOldGen       total 185856K, used 10586K [0x00000005c0c00000, 0x00000005cc180000, 0x0000000715980000)
  object space 185856K, 5% used [0x00000005c0c00000,0x00000005c1656a38,0x00000005cc180000)
 Metaspace       used 26845K, capacity 27389K, committed 27440K, reserved 1073152K
  class space    used 2655K, capacity 2826K, committed 2864K, reserved 1048576K
GC Heap History (6 events):
Event: 1.750 GC heap before
{Heap before GC invocations=1 (full 0):
 PSYoungGen      total 153088K, used 131584K [0x0000000715980000, 0x0000000720400000, 0x00000007c0000000)
  eden space 131584K, 100% used [0x0000000715980000,0x000000071da00000,0x000000071da00000)
  from space 21504K, 0% used [0x000000071ef00000,0x000000071ef00000,0x0000000720400000)
  to   space 21504K, 0% used [0x000000071da00000,0x000000071da00000,0x000000071ef00000)
 ParOldGen       total 349696K, used 0K [0x00000005c0c00000, 0x00000005d6180000, 0x0000000715980000)
  object space 349696K, 0% used [0x00000005c0c00000,0x00000005c0c00000,0x00000005d6180000)
 Metaspace       used 19730K, capacity 20113K, committed 20352K, reserved 1067008K
  class space    used 2005K, capacity 2145K, committed 2176K, reserved 1048576K
Event: 1.757 GC heap after
Heap after GC invocations=1 (full 0):
 PSYoungGen      total 153088K, used 15376K [0x0000000715980000, 0x0000000720400000, 0x00000007c0000000)
  eden space 131584K, 0% used [0x0000000715980000,0x0000000715980000,0x000000071da00000)
  from space 21504K, 71% used [0x000000071da00000,0x000000071e904050,0x000000071ef00000)
  to   space 21504K, 0% used [0x000000071ef00000,0x000000071ef00000,0x0000000720400000)
 ParOldGen       total 349696K, used 24K [0x00000005c0c00000, 0x00000005d6180000, 0x0000000715980000)
  object space 349696K, 0% used [0x00000005c0c00000,0x00000005c0c06000,0x00000005d6180000)
 Metaspace       used 19730K, capacity 20113K, committed 20352K, reserved 1067008K
  class space    used 2005K, capacity 2145K, committed 2176K, reserved 1048576K
}
Event: 1.823 GC heap before
{Heap before GC invocations=2 (full 0):
 PSYoungGen      total 153088K, used 24255K [0x0000000715980000, 0x0000000720400000, 0x00000007c0000000)
  eden space 131584K, 6% used [0x0000000715980000,0x000000071622bcb0,0x000000071da00000)
  from space 21504K, 71% used [0x000000071da00000,0x000000071e904050,0x000000071ef00000)
  to   space 21504K, 0% used [0x000000071ef00000,0x000000071ef00000,0x0000000720400000)
 ParOldGen       total 349696K, used 24K [0x00000005c0c00000, 0x00000005d6180000, 0x0000000715980000)
  object space 349696K, 0% used [0x00000005c0c00000,0x00000005c0c06000,0x00000005d6180000)
 Metaspace       used 20719K, capacity 21213K, committed 21296K, reserved 1069056K
  class space    used 2153K, capacity 2324K, committed 2352K, reserved 1048576K
Event: 1.827 GC heap after
Heap after GC invocations=2 (full 0):
 PSYoungGen      total 153088K, used 10786K [0x0000000715980000, 0x0000000728480000, 0x00000007c0000000)
  eden space 131584K, 0% used [0x0000000715980000,0x0000000715980000,0x000000071da00000)
  from space 21504K, 50% used [0x000000071ef00000,0x000000071f988b18,0x0000000720400000)
  to   space 21504K, 0% used [0x000000071da00000,0x000000071da00000,0x000000071ef00000)
 ParOldGen       total 349696K, used 32K [0x00000005c0c00000, 0x00000005d6180000, 0x0000000715980000)
  object space 349696K, 0% used [0x00000005c0c00000,0x00000005c0c08000,0x00000005d6180000)
 Metaspace       used 20719K, capacity 21213K, committed 21296K, reserved 1069056K
  class space    used 2153K, capacity 2324K, committed 2352K, reserved 1048576K
}
Event: 1.827 GC heap before
{Heap before GC invocations=3 (full 1):
 PSYoungGen      total 153088K, used 10786K [0x0000000715980000, 0x0000000728480000, 0x00000007c0000000)
  eden space 131584K, 0% used [0x0000000715980000,0x0000000715980000,0x000000071da00000)
  from space 21504K, 50% used [0x000000071ef00000,0x000000071f988b18,0x0000000720400000)
  to   space 21504K, 0% used [0x000000071da00000,0x000000071da00000,0x000000071ef00000)
 ParOldGen       total 349696K, used 32K [0x00000005c0c00000, 0x00000005d6180000, 0x0000000715980000)
  object space 349696K, 0% used [0x00000005c0c00000,0x00000005c0c08000,0x00000005d6180000)
 Metaspace       used 20719K, capacity 21213K, committed 21296K, reserved 1069056K
  class space    used 2153K, capacity 2324K, committed 2352K, reserved 1048576K
Event: 1.851 GC heap after
Heap after GC invocations=3 (full 1):
 PSYoungGen      total 153088K, used 0K [0x0000000715980000, 0x0000000728480000, 0x00000007c0000000)
  eden space 131584K, 0% used [0x0000000715980000,0x0000000715980000,0x000000071da00000)
  from space 21504K, 0% used [0x000000071ef00000,0x000000071ef00000,0x0000000720400000)
  to   space 21504K, 0% used [0x000000071da00000,0x000000071da00000,0x000000071ef00000)
 ParOldGen       total 185856K, used 10586K [0x00000005c0c00000, 0x00000005cc180000, 0x0000000715980000)
  object space 185856K, 5% used [0x00000005c0c00000,0x00000005c1656a38,0x00000005cc180000)
 Metaspace       used 20719K, capacity 21213K, committed 21296K, reserved 1069056K
  class space    used 2153K, capacity 2324K, committed 2352K, reserved 1048576K
}

